Jun 13, 2025 11:55:07 AM loging.loging$ActivityLogger logError
SEVERE: Error: Kesalahan login pada user admin: Cannot invoke "java.sql.Connection.prepareStatement(String)" because "conn" is null
Jun 13, 2025 11:55:20 AM loging.loging$ActivityLogger logError
SEVERE: Error: Kesalahan login pada user admin: Cannot invoke "java.sql.Connection.prepareStatement(String)" because "conn" is null
Jun 13, 2025 11:55:23 AM loging.loging$ActivityLogger logError
SEVERE: Error: Kesalahan login pada user admin: Cannot invoke "java.sql.Connection.prepareStatement(String)" because "conn" is null
Jun 13, 2025 11:55:43 AM loging.loging$ActivityLogger logError
SEVERE: Error: Kesalahan login pada user admin: Cannot invoke "java.sql.Connection.prepareStatement(String)" because "conn" is null
Jun 13, 2025 11:56:19 AM loging.loging$ActivityLogger logLogin
INFO: admin berhasil melakukan login.
Jun 13, 2025 12:19:14 PM loging.loging$ActivityLogger logLogin
INFO: admin berhasil melakukan login.
Jun 13, 2025 12:23:14 PM loging.loging$ActivityLogger logLogin
INFO: admin berhasil melakukan login.
Jun 13, 2025 1:36:25 PM loging.loging$ActivityLogger logLogin
INFO: admin berhasil melakukan login.
Jun 13, 2025 1:38:59 PM loging.loging$ActivityLogger logLogin
INFO: admin berhasil melakukan login.
Jun 13, 2025 1:39:29 PM loging.loging$ActivityLogger logLogin
INFO: admin berhasil melakukan login.
Jun 13, 2025 1:45:06 PM loging.loging$ActivityLogger logLogin
INFO: admin berhasil melakukan login.
Jun 13, 2025 1:45:55 PM loging.loging$ActivityLogger logLogin
INFO: admin berhasil melakukan login.
Jun 13, 2025 1:48:14 PM loging.loging$ActivityLogger logLogin
INFO: admin berhasil melakukan login.
Jun 13, 2025 1:49:26 PM loging.loging$ActivityLogger logLogin
INFO: admin berhasil melakukan login.
Jun 13, 2025 1:50:19 PM loging.loging$ActivityLogger logLogin
INFO: admin berhasil melakukan login.
